Determining if the pthread_create exist failed with the following output:
Change Dir: /home/robotronics/Desktop/Repository/research/BenchMark_Testsuite/boostLog_Benchmark/build/CMakeFiles/CMakeTmp

Run Build Command:"/usr/bin/make" "cmTC_2199d/fast"
/usr/bin/make -f CMakeFiles/cmTC_2199d.dir/build.make CMakeFiles/cmTC_2199d.dir/build
make[1]: Entering directory '/home/robotronics/Desktop/Repository/research/BenchMark_Testsuite/boostLog_Benchmark/build/CMakeFiles/CMakeTmp'
Building C object CMakeFiles/cmTC_2199d.dir/CheckSymbolExists.c.o
/usr/bin/cc    -o CMakeFiles/cmTC_2199d.dir/CheckSymbolExists.c.o   -c /home/robotronics/Desktop/Repository/research/BenchMark_Testsuite/boostLog_Benchmark/build/CMakeFiles/CMakeTmp/CheckSymbolExists.c
Linking C executable cmTC_2199d
/usr/bin/cmake -E cmake_link_script CMakeFiles/cmTC_2199d.dir/link.txt --verbose=1
/usr/bin/cc      CMakeFiles/cmTC_2199d.dir/CheckSymbolExists.c.o  -o cmTC_2199d 
CMakeFiles/cmTC_2199d.dir/CheckSymbolExists.c.o: In function `main':
CheckSymbolExists.c:(.text+0x1b): undefined reference to `pthread_create'
collect2: error: ld returned 1 exit status
CMakeFiles/cmTC_2199d.dir/build.make:97: recipe for target 'cmTC_2199d' failed
make[1]: *** [cmTC_2199d] Error 1
make[1]: Leaving directory '/home/robotronics/Desktop/Repository/research/BenchMark_Testsuite/boostLog_Benchmark/build/CMakeFiles/CMakeTmp'
Makefile:126: recipe for target 'cmTC_2199d/fast' failed
make: *** [cmTC_2199d/fast] Error 2

File /home/robotronics/Desktop/Repository/research/BenchMark_Testsuite/boostLog_Benchmark/build/CMakeFiles/CMakeTmp/CheckSymbolExists.c:
/* */
#include <pthread.h>

int main(int argc, char** argv)
{
  (void)argv;
#ifndef pthread_create
  return ((int*)(&pthread_create))[argc];
#else
  (void)argc;
  return 0;
#endif
}

Determining if the function pthread_create exists in the pthreads failed with the following output:
Change Dir: /home/robotronics/Desktop/Repository/research/BenchMark_Testsuite/boostLog_Benchmark/build/CMakeFiles/CMakeTmp

Run Build Command:"/usr/bin/make" "cmTC_622db/fast"
/usr/bin/make -f CMakeFiles/cmTC_622db.dir/build.make CMakeFiles/cmTC_622db.dir/build
make[1]: Entering directory '/home/robotronics/Desktop/Repository/research/BenchMark_Testsuite/boostLog_Benchmark/build/CMakeFiles/CMakeTmp'
Building C object CMakeFiles/cmTC_622db.dir/CheckFunctionExists.c.o
/usr/bin/cc   -DCHECK_FUNCTION_EXISTS=pthread_create   -o CMakeFiles/cmTC_622db.dir/CheckFunctionExists.c.o   -c /usr/share/cmake-3.10/Modules/CheckFunctionExists.c
Linking C executable cmTC_622db
/usr/bin/cmake -E cmake_link_script CMakeFiles/cmTC_622db.dir/link.txt --verbose=1
/usr/bin/cc  -DCHECK_FUNCTION_EXISTS=pthread_create    CMakeFiles/cmTC_622db.dir/CheckFunctionExists.c.o  -o cmTC_622db -lpthreads 
/usr/bin/ld: cannot find -lpthreads
collect2: error: ld returned 1 exit status
CMakeFiles/cmTC_622db.dir/build.make:97: recipe for target 'cmTC_622db' failed
make[1]: *** [cmTC_622db] Error 1
make[1]: Leaving directory '/home/robotronics/Desktop/Repository/research/BenchMark_Testsuite/boostLog_Benchmark/build/CMakeFiles/CMakeTmp'
Makefile:126: recipe for target 'cmTC_622db/fast' failed
make: *** [cmTC_622db/fast] Error 2


Determining if the pthread_create exist failed with the following output:
Change Dir: /home/robotronics/Desktop/Repository/research/BenchMark_Testsuite/boostLog_Benchmark/build/CMakeFiles/CMakeTmp

Run Build Command:"/usr/bin/make" "cmTC_00c5c/fast"
/usr/bin/make -f CMakeFiles/cmTC_00c5c.dir/build.make CMakeFiles/cmTC_00c5c.dir/build
make[1]: Entering directory '/home/robotronics/Desktop/Repository/research/BenchMark_Testsuite/boostLog_Benchmark/build/CMakeFiles/CMakeTmp'
Building C object CMakeFiles/cmTC_00c5c.dir/CheckSymbolExists.c.o
/usr/bin/cc    -o CMakeFiles/cmTC_00c5c.dir/CheckSymbolExists.c.o   -c /home/robotronics/Desktop/Repository/research/BenchMark_Testsuite/boostLog_Benchmark/build/CMakeFiles/CMakeTmp/CheckSymbolExists.c
Linking C executable cmTC_00c5c
/usr/bin/cmake -E cmake_link_script CMakeFiles/cmTC_00c5c.dir/link.txt --verbose=1
/usr/bin/cc      CMakeFiles/cmTC_00c5c.dir/CheckSymbolExists.c.o  -o cmTC_00c5c 
CMakeFiles/cmTC_00c5c.dir/CheckSymbolExists.c.o: In function `main':
CheckSymbolExists.c:(.text+0x1b): undefined reference to `pthread_create'
collect2: error: ld returned 1 exit status
CMakeFiles/cmTC_00c5c.dir/build.make:97: recipe for target 'cmTC_00c5c' failed
make[1]: *** [cmTC_00c5c] Error 1
make[1]: Leaving directory '/home/robotronics/Desktop/Repository/research/BenchMark_Testsuite/boostLog_Benchmark/build/CMakeFiles/CMakeTmp'
Makefile:126: recipe for target 'cmTC_00c5c/fast' failed
make: *** [cmTC_00c5c/fast] Error 2

File /home/robotronics/Desktop/Repository/research/BenchMark_Testsuite/boostLog_Benchmark/build/CMakeFiles/CMakeTmp/CheckSymbolExists.c:
/* */
#include <pthread.h>

int main(int argc, char** argv)
{
  (void)argv;
#ifndef pthread_create
  return ((int*)(&pthread_create))[argc];
#else
  (void)argc;
  return 0;
#endif
}

Determining if the function pthread_create exists in the pthreads failed with the following output:
Change Dir: /home/robotronics/Desktop/Repository/research/BenchMark_Testsuite/boostLog_Benchmark/build/CMakeFiles/CMakeTmp

Run Build Command:"/usr/bin/make" "cmTC_86760/fast"
/usr/bin/make -f CMakeFiles/cmTC_86760.dir/build.make CMakeFiles/cmTC_86760.dir/build
make[1]: Entering directory '/home/robotronics/Desktop/Repository/research/BenchMark_Testsuite/boostLog_Benchmark/build/CMakeFiles/CMakeTmp'
Building C object CMakeFiles/cmTC_86760.dir/CheckFunctionExists.c.o
/usr/bin/cc   -DCHECK_FUNCTION_EXISTS=pthread_create   -o CMakeFiles/cmTC_86760.dir/CheckFunctionExists.c.o   -c /usr/share/cmake-3.10/Modules/CheckFunctionExists.c
Linking C executable cmTC_86760
/usr/bin/cmake -E cmake_link_script CMakeFiles/cmTC_86760.dir/link.txt --verbose=1
/usr/bin/cc  -DCHECK_FUNCTION_EXISTS=pthread_create    CMakeFiles/cmTC_86760.dir/CheckFunctionExists.c.o  -o cmTC_86760 -lpthreads 
/usr/bin/ld: cannot find -lpthreads
collect2: error: ld returned 1 exit status
CMakeFiles/cmTC_86760.dir/build.make:97: recipe for target 'cmTC_86760' failed
make[1]: *** [cmTC_86760] Error 1
make[1]: Leaving directory '/home/robotronics/Desktop/Repository/research/BenchMark_Testsuite/boostLog_Benchmark/build/CMakeFiles/CMakeTmp'
Makefile:126: recipe for target 'cmTC_86760/fast' failed
make: *** [cmTC_86760/fast] Error 2


